= Host-specific information ====================================================
$> hostname; uname -msr
e1z4r9p24.42.us.org
Darwin 17.5.0 x86_64
$> date
Fri Nov  2 16:51:38 PDT 2018
$> gcc --version
Configured with: --prefix=/Library/Developer/CommandLineTools/usr --with-gxx-include-dir=/usr/include/c++/4.2.1
Apple LLVM version 9.1.0 (clang-902.0.39.1)
Target: x86_64-apple-darwin17.5.0
Thread model: posix
InstalledDir: /Library/Developer/CommandLineTools/usr/bin
$> clang --version
Apple LLVM version 9.1.0 (clang-902.0.39.1)
Target: x86_64-apple-darwin17.5.0
Thread model: posix
InstalledDir: /Library/Developer/CommandLineTools/usr/bin

= User files collection ========================================================
Collecting user files from Vogsphere
Repository URL: auto-exam/2018/c-exam-alone-in-the-dark-beginner/practice-exam_20181102/medun

= Git history ==================================================================
$> git -C /var/folders/yt/sncdbpzx43zf2hcfgsvw9pm80000gp/T/tmpBffcJP/user log --pretty='%H - %an, %ad : %s'
10730f312318d37852d032e6dc9f710f6be21e0d - Mohammad Edun, Fri Nov 2 16:51:08 2018 -0700 : 0-0
 
= Collected files ==========================================
$> ls -lAR /var/folders/yt/sncdbpzx43zf2hcfgsvw9pm80000gp/T/tmpBffcJP/user
total 8
-rw-r--r--  1 deepthought  deepthought  243 Nov  2 16:51 __GIT_HISTORY
drwxr-xr-x  3 deepthought  deepthought  102 Nov  2 16:51 aff_a

/var/folders/yt/sncdbpzx43zf2hcfgsvw9pm80000gp/T/tmpBffcJP/user/aff_a:
total 8
-rw-r--r--  1 deepthought  deepthought  1234 Nov  2 16:51 aff_a.c
 
= aff_a ========================================================================
$> gcc -Wextra -Wall -Werror aff_a.c -o user_exe 

= Test 1 ===================================================
$> ./ep1i7ay17pciuceb7falwhr7 
$> diff -U 3 user_output_test1 test1.output | cat -e

Diff OK :D
= Test 2 ===================================================
$> ./a1bamq3b2zf7t6i19q481ljy "17" "23" "42"
$> diff -U 3 user_output_test2 test2.output | cat -e

Diff OK :D
= Test 3 ===================================================
$> ./836vm5bnnbxp91d894q4e78v "eqZa3ABgsWy"
$> diff -U 3 user_output_test3 test3.output | cat -e

Diff OK :D
= Test 4 ===================================================
$> ./0mciu6ppvszqskx2pxvv5ebc "Dd7FrgIUxZta8T"
$> diff -U 3 user_output_test4 test4.output | cat -e

Diff OK :D
= Test 5 ===================================================
$> ./oggtcs7rt68y6h8eae5hronr "5KmrFZD"
$> diff -U 3 user_output_test5 test5.output | cat -e

Diff OK :D
= Test 6 ===================================================
$> ./unsxbgdimxmjjp9jua1blwcg "bmn2LyKSx4oUet"
$> diff -U 3 user_output_test6 test6.output | cat -e

Diff OK :D
Grade: 1

= Final grade: 1 ===============================================================
