= Host-specific information ====================================================
$> hostname; uname -msr
e1z2r3p43.42.us.org
Darwin 17.4.0 x86_64
$> date
Fri Nov  2 17:45:12 PDT 2018
$> gcc --version
Configured with: --prefix=/Library/Developer/CommandLineTools/usr --with-gxx-include-dir=/usr/include/c++/4.2.1
Apple LLVM version 9.0.0 (clang-900.0.39.2)
Target: x86_64-apple-darwin17.4.0
Thread model: posix
InstalledDir: /Library/Developer/CommandLineTools/usr/bin
$> clang --version
Apple LLVM version 9.0.0 (clang-900.0.39.2)
Target: x86_64-apple-darwin17.4.0
Thread model: posix
InstalledDir: /Library/Developer/CommandLineTools/usr/bin

= User files collection ========================================================
Collecting user files from Vogsphere
Repository URL: auto-exam/2018/c-exam-alone-in-the-dark-beginner/practice-exam_20181102/medun

= Git history ==================================================================
$> git -C /var/folders/95/fypjb7pj5q18wvqt7l7cggq40000gp/T/tmpp6781r/user log --pretty='%H - %an, %ad : %s'
631d4313a35e901e02bcdc33d747ee612c33644a - Mohammad Edun, Fri Nov 2 17:44:53 2018 -0700 : 3-0
a0dc64ab62aefa0e0624e1e471eced68ceff3c37 - Mohammad Edun, Fri Nov 2 17:07:25 2018 -0700 : 2-0
da974e58b8360976b3970cec0ba6883b7510ffbc - Mohammad Edun, Fri Nov 2 16:58:57 2018 -0700 : 1-0
10730f312318d37852d032e6dc9f710f6be21e0d - Mohammad Edun, Fri Nov 2 16:51:08 2018 -0700 : 0-0
 
= Collected files ==========================================
$> ls -lAR /var/folders/95/fypjb7pj5q18wvqt7l7cggq40000gp/T/tmpp6781r/user
total 8
-rw-r--r--  1 deepthought  deepthought  989 Nov  2 17:45 __GIT_HISTORY
drwxr-xr-x  3 deepthought  deepthought  102 Nov  2 17:45 aff_a
drwxr-xr-x  3 deepthought  deepthought  102 Nov  2 17:45 ft_atoi
drwxr-xr-x  3 deepthought  deepthought  102 Nov  2 17:45 rot_13
drwxr-xr-x  3 deepthought  deepthought  102 Nov  2 17:45 tab_mult

/var/folders/95/fypjb7pj5q18wvqt7l7cggq40000gp/T/tmpp6781r/user/aff_a:
total 8
-rw-r--r--  1 deepthought  deepthought  1234 Nov  2 17:45 aff_a.c

/var/folders/95/fypjb7pj5q18wvqt7l7cggq40000gp/T/tmpp6781r/user/ft_atoi:
total 8
-rw-r--r--  1 deepthought  deepthought  1221 Nov  2 17:45 ft_atoi.c

/var/folders/95/fypjb7pj5q18wvqt7l7cggq40000gp/T/tmpp6781r/user/rot_13:
total 8
-rw-r--r--  1 deepthought  deepthought  1396 Nov  2 17:45 rot_13.c

/var/folders/95/fypjb7pj5q18wvqt7l7cggq40000gp/T/tmpp6781r/user/tab_mult:
total 8
-rw-r--r--  1 deepthought  deepthought  1866 Nov  2 17:45 tab_mult.c
 
= tab_mult =====================================================================
$> gcc -Wextra -Wall -Werror tab_mult.c -o user_exe 

= Test 1 ===================================================
$> ./9l31ta9bfgvhamvs1t20bjfr 
$> diff -U 3 user_output_test1 test1.output | cat -e

Diff OK :D
= Test 2 ===================================================
$> ./cdecq0b6m0gzj7ijdzso6bdp 176967185
$> diff -U 3 user_output_test2 test2.output | cat -e

Diff OK :D
= Test 3 ===================================================
$> ./ill9b6458dim5ph01kdpz73j 66593681
$> diff -U 3 user_output_test3 test3.output | cat -e

Diff OK :D
= Test 4 ===================================================
$> ./bk41rnfpv99hrfpdcyfayjsw 166037201
$> diff -U 3 user_output_test4 test4.output | cat -e

Diff OK :D
= Test 5 ===================================================
$> ./i9wv3slttd1la9zldnpqy8bm 24978081
$> diff -U 3 user_output_test5 test5.output | cat -e

Diff OK :D
= Test 6 ===================================================
$> ./iprfxlvw3jbd8jkffxkjcslq 92938430
$> diff -U 3 user_output_test6 test6.output | cat -e

Diff OK :D
= Test 7 ===================================================
$> ./54w5bik0axhpm6ns8ltmkkty 148167074
$> diff -U 3 user_output_test7 test7.output | cat -e

Diff OK :D
= Test 8 ===================================================
$> ./2eyzxu8w6cav33uda8wq60j2 126610088
$> diff -U 3 user_output_test8 test8.output | cat -e

Diff OK :D
= Test 9 ===================================================
$> ./155emrbj5lcpm42iyap6honx 51427177
$> diff -U 3 user_output_test9 test9.output | cat -e

Diff OK :D
= Test 10 ==================================================
$> ./k6tsn713y812k2emdjmrdit4 129157111
$> diff -U 3 user_output_test10 test10.output | cat -e

Diff OK :D
= Test 11 ==================================================
$> ./4xveq7kw4zrzgjpe390ovds0 35669786
$> diff -U 3 user_output_test11 test11.output | cat -e

Diff OK :D
= Test 12 ==================================================
$> ./ja014ska1zce0n9xy3lnzlbn 189605491
$> diff -U 3 user_output_test12 test12.output | cat -e

Diff OK :D
= Test 13 ==================================================
$> ./45rih3itld8hew63qmmya6yk 13539756
$> diff -U 3 user_output_test13 test13.output | cat -e

Diff OK :D
= Test 14 ==================================================
$> ./6kaqx8vzq4a3zpr9b1wh3no5 159377857
$> diff -U 3 user_output_test14 test14.output | cat -e

Diff OK :D
= Test 15 ==================================================
$> ./0yqbxwd3ik4hzsajvcdd6qa2 68377222
$> diff -U 3 user_output_test15 test15.output | cat -e

Diff OK :D
Grade: 1

= Final grade: 1 ===============================================================
